SF:lib\main.dart
DA:21,0
DA:25,0
DA:26,0
DA:27,0
DA:28,0
DA:29,0
DA:34,0
DA:35,0
DA:41,0
DA:42,0
DA:43,0
DA:44,0
DA:45,0
DA:46,0
DA:47,0
DA:49,0
DA:50,0
DA:52,0
DA:53,0
DA:55,0
DA:56,0
DA:58,0
DA:59,0
DA:61,0
DA:62,0
DA:64,0
DA:65,0
DA:68,0
DA:75,0
DA:78,0
DA:80,0
DA:81,0
DA:82,0
DA:87,0
LF:34
LH:0
end_of_record
SF:lib\shared_components\supportedOpeningClosingTimes\_convert_time.dart
DA:1,1
DA:3,1
DA:4,2
DA:5,2
DA:8,1
DA:11,1
DA:12,1
DA:17,3
LF:8
LH:8
end_of_record
SF:lib\data\bloc\authentication\authentication_state.dart
DA:4,0
DA:5,0
DA:6,0
LF:3
LH:0
end_of_record
SF:lib\data\bloc\authentication\authentication_bloc.dart
DA:17,0
DA:18,0
DA:19,0
DA:21,0
DA:23,0
DA:27,0
DA:29,0
DA:31,0
DA:33,0
DA:36,0
DA:39,0
DA:40,0
DA:43,0
DA:44,0
DA:45,0
DA:46,0
LF:16
LH:0
end_of_record
SF:lib\data\bloc\authentication\authentication_event.dart
DA:4,0
DA:5,0
DA:16,0
DA:18,0
DA:19,0
LF:5
LH:0
end_of_record
SF:lib\data\model\FlagCountryCode\flag_country_code.dart
DA:7,1
DA:13,0
DA:26,0
DA:27,0
LF:4
LH:1
end_of_record
SF:lib\data\model\Product\product_entity.dart
DA:22,0
DA:23,0
DA:25,0
DA:27,0
DA:29,0
LF:5
LH:0
end_of_record
SF:lib\data\model\Product\product_entity.g.dart
DA:9,0
DA:10,0
DA:11,0
DA:12,0
DA:13,0
DA:14,0
DA:15,0
DA:16,0
DA:17,0
DA:18,0
DA:19,0
DA:22,0
DA:23,0
DA:24,0
DA:25,0
DA:26,0
DA:27,0
DA:28,0
DA:29,0
DA:30,0
DA:31,0
DA:32,0
LF:22
LH:0
end_of_record
SF:lib\data\model\Product\product_model.dart
DA:8,1
DA:21,0
DA:22,0
DA:23,0
DA:24,0
DA:25,0
DA:26,0
DA:27,0
DA:28,0
DA:29,0
DA:30,0
DA:31,0
DA:34,0
DA:35,0
DA:36,0
DA:37,0
DA:38,0
DA:39,0
DA:40,0
DA:41,0
DA:42,0
DA:43,0
DA:44,0
LF:23
LH:1
end_of_record
SF:lib\data\model\Product\product_repository_output.dart
DA:13,0
DA:19,0
DA:21,0
LF:3
LH:0
end_of_record
SF:lib\data\repository\Product\ProductRepository.dart
DA:17,0
DA:19,0
DA:21,0
DA:23,0
DA:24,0
DA:25,0
DA:28,0
DA:30,0
DA:32,0
DA:33,0
DA:34,0
DA:37,0
DA:40,0
DA:43,0
DA:46,0
DA:50,0
DA:52,0
DA:53,0
DA:55,0
DA:57,0
DA:59,0
DA:60,0
DA:61,0
DA:64,0
DA:67,0
DA:69,0
DA:71,0
DA:76,0
DA:77,0
DA:78,0
DA:80,0
DA:81,0
DA:82,0
DA:88,0
DA:92,0
DA:95,0
DA:97,0
DA:99,0
DA:100,0
DA:101,0
DA:102,0
DA:104,0
DA:106,0
DA:108,0
DA:109,0
DA:110,0
DA:113,0
DA:116,0
DA:117,0
DA:120,0
DA:122,0
DA:124,0
DA:126,0
DA:130,0
DA:133,0
DA:134,0
DA:135,0
DA:136,0
DA:137,0
DA:138,0
DA:139,0
DA:142,0
LF:62
LH:0
end_of_record
SF:lib\data\repository\User\UserRepository.dart
DA:19,0
DA:22,0
DA:24,0
DA:27,0
DA:29,0
DA:33,0
DA:44,0
DA:45,0
DA:47,0
DA:48,0
DA:49,0
DA:53,0
DA:55,0
DA:59,0
DA:60,0
DA:63,0
DA:67,0
DA:70,0
DA:75,0
DA:84,0
DA:91,0
DA:94,0
DA:97,0
DA:99,0
DA:101,0
DA:103,0
DA:105,0
DA:109,0
DA:113,0
DA:114,0
DA:117,0
DA:122,0
DA:125,0
DA:129,0
DA:130,0
DA:131,0
DA:132,0
DA:133,0
DA:134,0
LF:39
LH:0
end_of_record
SF:lib\firebase_options.dart
DA:18,0
DA:20,0
DA:25,0
DA:26,0
DA:28,0
DA:30,0
DA:31,0
DA:35,0
DA:36,0
DA:40,0
DA:41,0
DA:46,0
LF:12
LH:0
end_of_record
SF:lib\screens\Authentication\Login\bloc\login_cubit.dart
DA:16,0
DA:17,0
DA:19,0
DA:20,0
DA:23,0
DA:24,0
DA:26,0
DA:27,0
DA:31,0
DA:33,0
DA:35,0
DA:36,0
DA:37,0
DA:38,0
DA:39,0
DA:48,0
DA:50,0
DA:52,0
DA:54,0
DA:56,0
DA:58,0
DA:60,0
DA:61,0
DA:62,0
DA:63,0
DA:66,0
DA:69,0
DA:73,0
DA:75,0
DA:76,0
DA:77,0
DA:78,0
DA:79,0
DA:80,0
DA:83,0
DA:85,0
DA:86,0
DA:90,0
DA:92,0
DA:93,0
DA:95,0
DA:100,0
DA:101,0
DA:103,0
DA:106,0
DA:108,0
DA:109,0
DA:110,0
DA:112,0
DA:113,0
DA:116,0
DA:117,0
DA:118,0
DA:120,0
DA:121,0
DA:124,0
DA:126,0
DA:127,0
DA:129,0
LF:59
LH:0
end_of_record
SF:lib\screens\Authentication\Register\bloc\registration_cubit.dart
DA:16,0
DA:17,0
DA:19,0
DA:21,0
DA:23,0
DA:25,0
DA:27,0
DA:29,0
DA:31,0
DA:33,0
DA:35,0
DA:36,0
DA:39,0
DA:41,0
DA:42,0
DA:43,0
DA:44,0
DA:47,0
DA:51,0
DA:52,0
DA:53,0
DA:54,0
DA:55,0
DA:57,0
DA:61,0
DA:63,0
DA:64,0
DA:66,0
DA:67,0
DA:68,0
DA:71,0
DA:74,0
DA:75,0
DA:79,0
DA:81,0
DA:82,0
DA:84,0
DA:89,0
DA:90,0
DA:92,0
DA:95,0
DA:97,0
DA:98,0
DA:99,0
DA:101,0
DA:102,0
DA:105,0
DA:106,0
DA:107,0
DA:109,0
DA:110,0
DA:113,0
DA:114,0
DA:115,0
DA:116,0
DA:118,0
DA:124,0
DA:127,0
DA:128,0
DA:129,0
DA:130,0
LF:61
LH:0
end_of_record
SF:lib\screens\debug\bloc\debug_state.dart
DA:4,0
DA:8,0
DA:9,0
LF:3
LH:0
end_of_record
SF:lib\screens\debug\bloc\debug_cubit.dart
DA:13,0
DA:15,0
DA:150,0
LF:3
LH:0
end_of_record
SF:lib\screens\Home\Screens\Account\EditBusiness\bloc\business_cubit.dart
DA:12,0
DA:33,0
DA:40,0
DA:42,0
DA:43,0
DA:45,0
DA:46,0
DA:48,0
DA:49,0
DA:50,0
DA:53,0
DA:55,0
DA:57,0
DA:59,0
DA:61,0
DA:63,0
DA:65,0
DA:67,0
DA:69,0
LF:19
LH:0
end_of_record
SF:lib\screens\Home\Screens\Home\bloc\home_cubit.dart
DA:13,0
DA:15,0
DA:16,0
DA:17,0
DA:18,0
DA:19,0
DA:20,0
DA:23,0
DA:24,0
DA:26,0
DA:28,0
DA:31,0
LF:12
LH:0
end_of_record
SF:lib\screens\Search\bloc\search_cubit.dart
DA:12,0
DA:14,0
DA:15,0
DA:17,0
DA:19,0
DA:20,0
DA:22,0
DA:26,0
DA:28,0
LF:9
LH:0
end_of_record
SF:lib\service\app_module.dart
DA:14,0
DA:15,0
DA:20,0
DA:21,0
DA:23,0
DA:24,0
DA:26,0
DA:27,0
DA:29,0
DA:30,0
LF:10
LH:0
end_of_record
SF:lib\service\firebase_service.dart
DA:7,0
DA:8,0
DA:9,0
DA:11,0
LF:4
LH:0
end_of_record
SF:lib\injection.dart
DA:7,0
DA:9,0
DA:10,0
LF:3
LH:0
end_of_record
SF:lib\screens\Authentication\authentication_screen.dart
DA:14,1
DA:16,0
DA:18,0
DA:19,0
DA:21,0
DA:23,0
DA:24,0
DA:27,0
DA:28,0
DA:29,0
DA:32,0
DA:34,0
DA:39,0
DA:41,0
LF:14
LH:1
end_of_record
SF:lib\service\bloc_service.dart
DA:7,0
DA:9,0
DA:11,0
DA:15,0
DA:17,0
DA:19,0
DA:23,0
DA:26,0
DA:28,0
LF:9
LH:0
end_of_record
SF:lib\screens\Authentication\GetStarted\get_started_screen.dart
DA:10,0
DA:12,0
DA:14,0
DA:15,0
DA:22,0
DA:24,0
DA:25,0
DA:26,0
DA:29,0
DA:30,0
DA:31,0
DA:34,0
DA:36,0
DA:38,0
DA:39,0
DA:40,0
DA:41,0
DA:43,0
DA:44,0
DA:46,0
DA:48,0
DA:49,0
DA:50,0
DA:54,0
DA:59,0
DA:61,0
DA:70,0
DA:71,0
DA:72,0
DA:73,0
DA:74,0
DA:79,0
DA:86,0
DA:87,0
DA:91,0
LF:35
LH:0
end_of_record
SF:lib\screens\Authentication\Login\login_screen.dart
DA:15,0
DA:18,0
DA:20,0
DA:23,0
DA:25,0
DA:26,0
DA:27,0
DA:28,0
DA:30,0
DA:31,0
DA:33,0
DA:41,0
DA:42,0
DA:48,0
DA:59,0
DA:60,0
DA:61,0
DA:62,0
DA:63,0
DA:65,0
DA:67,0
DA:68,0
DA:70,0
DA:71,0
DA:76,0
DA:77,0
DA:89,0
DA:90,0
DA:91,0
DA:92,0
DA:98,0
DA:99,0
DA:104,0
DA:105,0
DA:107,0
LF:35
LH:0
end_of_record
SF:lib\screens\Authentication\Register\register_screen.dart
DA:12,0
DA:15,0
DA:17,0
DA:19,0
DA:21,0
DA:22,0
DA:23,0
DA:24,0
DA:25,0
DA:27,0
DA:28,0
DA:30,0
DA:38,0
DA:39,0
DA:46,0
DA:57,0
DA:58,0
DA:59,0
DA:60,0
DA:61,0
DA:63,0
DA:65,0
DA:66,0
DA:69,0
DA:74,0
DA:75,0
DA:87,0
DA:88,0
DA:89,0
DA:90,0
DA:96,0
DA:97,0
DA:102,0
DA:103,0
DA:105,0
DA:130,0
DA:136,0
DA:138,0
DA:140,0
DA:141,0
DA:143,0
DA:145,0
DA:147,0
DA:149,0
DA:152,0
DA:153,0
DA:154,0
DA:155,0
DA:156,0
DA:157,0
DA:158,0
DA:159,0
DA:160,0
DA:161,0
DA:163,0
DA:164,0
DA:169,0
DA:170,0
DA:171,0
DA:180,0
DA:184,0
DA:189,0
DA:190,0
DA:196,0
DA:198,0
DA:199,0
DA:201,0
DA:204,0
DA:206,0
DA:207,0
DA:208,0
DA:209,0
DA:210,0
DA:232,0
DA:234,0
DA:236,0
DA:239,0
DA:240,0
DA:242,0
DA:243,0
DA:252,0
DA:254,0
DA:256,0
DA:258,0
DA:259,0
DA:261,0
DA:266,0
DA:273,0
DA:274,0
LF:89
LH:0
end_of_record
SF:lib\screens\Authentication\Login\bloc\login_state.dart
DA:19,0
DA:20,0
DA:21,0
LF:3
LH:0
end_of_record
SF:lib\screens\Authentication\Login\otp_code_screen.dart
DA:10,1
DA:12,0
DA:14,0
DA:16,0
DA:17,0
DA:18,0
DA:19,0
DA:20,0
DA:21,0
DA:22,0
DA:23,0
DA:24,0
DA:25,0
DA:28,0
DA:31,0
DA:33,0
DA:34,0
DA:35,0
DA:36,0
DA:37,0
DA:39,0
DA:40,0
DA:42,0
DA:43,0
DA:50,0
DA:51,0
DA:53,0
DA:54,0
DA:55,0
DA:61,0
DA:68,0
DA:69,0
DA:77,0
DA:78,0
DA:83,0
DA:92,0
DA:93,0
DA:94,0
DA:101,0
DA:102,0
DA:103,0
DA:104,0
DA:105,0
DA:111,0
DA:113,0
DA:114,0
DA:115,0
DA:123,0
DA:124,0
DA:126,0
DA:127,0
DA:129,0
DA:131,0
DA:133,0
DA:134,0
DA:135,0
LF:56
LH:1
end_of_record
SF:lib\screens\Authentication\Register\bloc\register_state.dart
DA:23,0
DA:24,0
DA:25,0
LF:3
LH:0
end_of_record
SF:lib\screens\Authentication\Register\register_screen_basic_info.dart
DA:14,0
DA:16,0
DA:18,0
DA:20,0
DA:22,0
DA:23,0
DA:24,0
DA:26,0
DA:27,0
DA:29,0
DA:37,0
DA:38,0
DA:44,0
DA:55,0
DA:57,0
DA:58,0
DA:62,0
DA:64,0
DA:65,0
DA:68,0
DA:69,0
DA:77,0
DA:78,0
DA:79,0
DA:80,0
DA:82,0
DA:87,0
DA:88,0
DA:90,0
DA:91,0
DA:92,0
DA:93,0
DA:96,0
DA:97,0
DA:100,0
DA:101,0
DA:103,0
DA:105,0
DA:106,0
DA:107,0
DA:108,0
DA:109,0
DA:110,0
DA:111,0
DA:112,0
DA:121,0
DA:122,0
DA:123,0
DA:124,0
DA:130,0
DA:131,0
DA:132,0
DA:137,0
DA:138,0
DA:158,1
DA:160,0
DA:161,0
DA:167,0
DA:169,0
DA:171,0
DA:172,0
DA:175,0
DA:176,0
DA:178,0
DA:180,0
DA:181,0
DA:182,0
DA:183,0
DA:184,0
DA:189,0
DA:190,0
DA:191,0
DA:197,0
DA:199,0
DA:200,0
DA:201,0
DA:221,0
DA:222,0
DA:224,0
DA:226,0
DA:227,0
DA:229,0
DA:230,0
DA:234,0
DA:241,0
DA:242,0
DA:245,0
LF:87
LH:1
end_of_record
SF:lib\screens\Authentication\Register\register_screen_upload_photo.dart
DA:20,0
DA:23,0
DA:25,0
DA:27,0
DA:29,0
DA:30,0
DA:32,0
DA:33,0
DA:35,0
DA:43,0
DA:44,0
DA:50,0
DA:61,0
DA:69,0
DA:80,0
DA:81,0
DA:83,0
DA:85,0
DA:86,0
DA:87,0
DA:88,0
DA:89,0
DA:90,0
DA:95,0
DA:96,0
DA:98,0
DA:99,0
DA:100,0
DA:104,0
DA:105,0
DA:108,0
DA:109,0
DA:115,0
DA:116,0
DA:117,0
DA:132,0
DA:134,0
DA:136,0
DA:137,0
DA:138,0
DA:139,0
DA:140,0
DA:141,0
DA:142,0
DA:143,0
DA:144,0
DA:145,0
DA:146,0
DA:157,0
DA:159,0
DA:160,0
DA:162,0
DA:163,0
DA:164,0
DA:171,1
DA:173,0
DA:174,0
DA:178,0
DA:180,0
DA:181,0
DA:182,0
DA:183,0
DA:188,0
DA:189,0
DA:192,0
DA:193,0
DA:194,0
DA:195,0
DA:196,0
DA:200,0
DA:201,0
DA:209,0
DA:212,0
DA:217,0
DA:218,0
DA:219,0
DA:221,0
DA:237,1
DA:239,0
DA:240,0
DA:246,0
DA:248,0
DA:249,0
DA:252,0
DA:254,0
DA:257,0
DA:259,0
DA:260,0
DA:261,0
DA:262,0
DA:267,0
DA:269,0
DA:270,0
DA:271,0
DA:272,0
DA:274,0
DA:275,0
DA:283,0
DA:286,0
DA:291,0
DA:292,0
DA:293,0
LF:102
LH:2
end_of_record
SF:lib\screens\Authentication\Register\register_screen_otp_code.dart
DA:15,1
DA:17,0
DA:19,0
DA:21,0
DA:23,0
DA:24,0
DA:25,0
DA:26,0
DA:27,0
DA:28,0
DA:29,0
DA:30,0
DA:31,0
DA:32,0
DA:33,0
DA:36,0
DA:38,0
DA:39,0
DA:42,0
DA:43,0
DA:45,0
DA:46,0
DA:48,0
DA:49,0
DA:50,0
DA:53,0
DA:55,0
DA:56,0
DA:57,0
DA:58,0
DA:59,0
DA:60,0
DA:61,0
DA:63,0
DA:64,0
DA:65,0
DA:69,0
DA:70,0
DA:75,0
DA:76,0
DA:77,0
DA:80,0
DA:81,0
DA:82,0
DA:88,0
DA:89,0
DA:109,0
DA:110,0
DA:112,0
DA:113,0
DA:114,0
DA:120,0
DA:127,0
DA:128,0
DA:136,0
DA:137,0
DA:142,0
DA:152,0
DA:153,0
DA:154,0
DA:162,0
DA:163,0
DA:164,0
DA:165,0
DA:171,0
DA:173,0
DA:174,0
DA:175,0
DA:187,0
DA:188,0
DA:190,0
DA:191,0
DA:193,0
DA:195,0
DA:197,0
DA:198,0
DA:199,0
LF:77
LH:1
end_of_record
SF:lib\screens\Home\home_screen.dart
DA:23,0
DA:24,0
DA:29,0
DA:43,1
DA:45,0
DA:47,0
DA:48,0
DA:54,0
DA:56,0
DA:57,0
DA:64,0
DA:65,0
DA:66,0
DA:67,0
DA:70,0
DA:77,0
DA:78,0
DA:79,0
DA:81,0
DA:82,0
DA:86,0
DA:87,0
DA:89,0
DA:90,0
DA:94,0
DA:95,0
DA:97,0
DA:98,0
DA:102,0
DA:103,0
DA:105,0
DA:106,0
DA:110,0
DA:111,0
DA:113,0
DA:114,0
DA:121,0
DA:125,0
DA:126,0
DA:127,0
DA:129,0
DA:131,0
DA:133,0
DA:135,0
LF:44
LH:1
end_of_record
SF:lib\screens\Authentication\authentication_flow.dart
DA:20,1
DA:22,0
DA:23,0
DA:30,0
DA:31,0
DA:32,0
DA:33,0
DA:37,0
DA:39,0
DA:40,0
DA:41,0
DA:45,0
DA:46,0
DA:47,0
DA:48,0
DA:49,0
DA:53,0
DA:54,0
DA:55,0
DA:56,0
DA:60,0
DA:61,0
DA:62,0
DA:63,0
DA:67,0
DA:68,0
DA:69,0
DA:70,0
DA:71,0
DA:75,0
DA:76,0
DA:77,0
DA:79,0
DA:80,0
DA:82,0
DA:87,0
DA:89,0
DA:90,0
DA:91,0
DA:92,0
DA:93,0
DA:94,0
DA:96,0
DA:102,0
DA:104,0
DA:105,0
DA:106,0
DA:107,0
DA:109,0
DA:111,0
DA:112,0
DA:114,0
DA:117,0
DA:118,0
DA:120,0
DA:121,0
DA:122,0
DA:124,0
DA:125,0
DA:127,0
DA:132,0
DA:133,0
LF:62
LH:1
end_of_record
SF:lib\screens\SplashScreen\splash_screen.dart
DA:7,1
DA:9,0
DA:11,0
DA:13,0
DA:15,0
DA:16,0
DA:17,0
DA:18,0
DA:20,0
DA:21,0
DA:22,0
DA:24,0
DA:28,0
LF:13
LH:1
end_of_record
SF:lib\screens\Empty-state\empty_state_screen.dart
DA:11,1
DA:17,0
DA:19,0
DA:21,0
DA:22,0
DA:23,0
DA:25,0
DA:26,0
DA:28,0
DA:29,0
DA:30,0
DA:32,0
DA:37,0
DA:40,0
DA:41,0
DA:44,0
DA:45,0
DA:49,0
DA:51,0
DA:53,0
DA:54,0
DA:61,0
LF:22
LH:1
end_of_record
SF:lib\screens\Home\Screens\Account\BusinessProfile\business_profile_screen.dart
DA:18,2
DA:20,0
DA:22,0
DA:24,0
DA:25,0
DA:26,0
DA:28,0
DA:29,0
DA:35,0
DA:36,0
DA:37,0
DA:40,0
DA:95,0
DA:96,0
DA:97,0
DA:106,0
DA:109,0
DA:110,0
DA:111,0
DA:112,0
DA:116,0
DA:119,0
DA:121,0
DA:125,0
DA:128,0
DA:129,0
DA:130,0
DA:132,0
DA:134,0
DA:136,0
DA:137,0
DA:139,0
DA:140,0
DA:142,0
DA:143,0
DA:148,0
DA:149,0
DA:216,0
DA:220,0
DA:223,0
DA:224,0
DA:225,0
DA:226,0
DA:229,0
DA:234,0
DA:240,0
DA:242,0
DA:243,0
DA:246,0
DA:247,0
DA:249,0
DA:251,0
DA:252,0
DA:253,0
DA:285,0
DA:287,0
DA:288,0
DA:307,0
DA:329,0
DA:333,0
DA:368,0
DA:373,0
DA:376,0
DA:382,0
DA:384,0
DA:385,0
DA:394,0
DA:395,0
DA:397,0
DA:399,0
DA:400,0
DA:401,0
DA:407,0
DA:410,0
DA:413,0
DA:414,0
DA:416,0
DA:418,0
DA:487,1
DA:492,0
DA:494,0
DA:496,0
DA:497,0
DA:498,0
DA:500,0
DA:503,0
DA:504,0
DA:505,0
DA:512,0
DA:515,0
DA:516,0
DA:517,0
DA:518,0
DA:519,0
DA:522,0
DA:523,0
DA:524,0
DA:525,0
DA:539,0
DA:540,0
DA:542,0
DA:546,0
DA:547,0
DA:548,0
DA:551,0
DA:552,0
DA:553,0
DA:556,0
DA:562,0
DA:564,0
DA:565,0
DA:566,0
DA:568,0
DA:569,0
DA:573,0
DA:577,0
DA:579,0
DA:581,0
DA:603,0
DA:605,0
DA:607,0
DA:609,0
DA:612,0
DA:613,0
DA:614,0
DA:616,0
DA:619,0
DA:620,0
DA:621,0
DA:630,0
DA:631,0
DA:632,0
DA:635,0
DA:640,0
DA:643,0
DA:644,0
DA:645,0
DA:652,0
DA:654,0
DA:655,0
DA:675,0
DA:677,0
DA:679,0
DA:681,0
DA:682,0
DA:683,0
DA:685,0
DA:686,0
DA:689,0
DA:690,0
DA:691,0
DA:693,0
DA:703,3
DA:705,0
DA:707,0
DA:708,0
DA:714,0
DA:716,0
DA:717,0
DA:720,0
DA:722,0
DA:725,0
DA:727,0
DA:728,0
DA:730,0
DA:732,0
DA:734,0
DA:738,0
DA:743,0
DA:744,0
LF:170
LH:3
end_of_record
SF:lib\screens\Home\Screens\Account\EditBusiness\edit_business_screen.dart
DA:20,1
DA:22,0
DA:24,0
DA:26,0
DA:27,0
DA:28,0
DA:31,0
DA:38,0
DA:39,0
DA:40,0
DA:41,0
DA:42,0
DA:46,0
DA:47,0
DA:49,0
DA:50,0
DA:52,0
DA:53,0
DA:76,1
DA:80,0
DA:82,0
DA:83,0
DA:84,0
DA:85,0
DA:86,0
DA:87,0
DA:89,0
DA:92,0
DA:93,0
DA:94,0
DA:95,0
DA:98,0
DA:104,0
DA:105,0
DA:106,0
DA:107,0
DA:108,0
DA:112,0
DA:113,0
DA:114,0
DA:117,0
DA:123,0
DA:124,0
DA:125,0
DA:126,0
DA:127,0
DA:132,0
DA:134,0
DA:137,0
DA:138,0
DA:139,0
DA:140,0
DA:143,0
DA:149,0
DA:151,0
DA:152,0
DA:153,0
DA:156,0
DA:157,0
DA:160,0
DA:161,0
DA:162,0
DA:163,0
DA:165,0
DA:167,0
DA:168,0
DA:169,0
DA:174,0
DA:175,0
DA:176,0
DA:179,0
DA:185,0
DA:187,0
DA:188,0
DA:189,0
DA:192,0
DA:193,0
DA:196,0
DA:197,0
DA:198,0
DA:199,0
DA:201,0
DA:214,0
DA:215,0
DA:216,0
DA:221,0
DA:222,0
DA:223,0
DA:226,0
DA:232,0
DA:234,0
DA:235,0
DA:237,0
DA:240,0
DA:241,0
DA:244,0
DA:245,0
DA:246,0
DA:247,0
DA:249,0
DA:252,0
DA:253,0
DA:254,0
DA:270,1
DA:274,0
DA:275,0
DA:284,0
DA:286,0
DA:287,0
DA:288,0
DA:289,0
DA:290,0
DA:291,0
DA:294,0
DA:297,0
DA:298,0
DA:299,0
DA:302,0
DA:304,0
DA:308,0
DA:309,0
DA:310,0
DA:313,0
DA:314,0
DA:315,0
DA:316,0
DA:319,0
DA:320,0
DA:324,0
DA:325,0
DA:326,0
DA:330,0
DA:332,0
DA:333,0
DA:334,0
DA:335,0
DA:336,0
DA:340,0
DA:342,0
DA:343,0
DA:344,0
DA:345,0
DA:346,0
DA:347,0
DA:355,0
DA:356,0
DA:357,0
DA:358,0
DA:359,0
DA:360,0
DA:362,0
LF:151
LH:3
end_of_record
SF:lib\styles\custom_home_icons.dart
DA:19,0
LF:1
LH:0
end_of_record
SF:lib\screens\ProductDetail\product_detail.dart
DA:21,0
DA:22,0
DA:24,0
DA:25,0
DA:31,0
DA:33,0
DA:35,0
DA:36,0
DA:37,0
DA:42,0
DA:44,0
DA:52,0
DA:54,0
DA:59,1
DA:61,0
DA:63,0
DA:65,0
DA:67,0
DA:68,0
DA:69,0
DA:72,0
DA:73,0
DA:74,0
DA:75,0
DA:80,0
DA:83,0
DA:84,0
DA:85,0
DA:86,0
DA:92,0
DA:96,0
DA:99,0
DA:100,0
DA:103,0
DA:104,0
DA:105,0
DA:108,0
DA:110,0
DA:111,0
DA:114,0
DA:115,0
DA:117,0
DA:118,0
DA:121,0
DA:124,0
DA:127,0
DA:133,0
DA:135,0
DA:139,0
DA:141,0
DA:145,0
DA:147,0
DA:148,0
DA:151,0
DA:154,0
DA:157,0
DA:165,0
DA:168,0
DA:170,0
DA:190,0
DA:191,0
DA:192,0
DA:198,0
DA:201,0
DA:202,0
DA:204,0
DA:205,0
DA:206,0
DA:212,0
DA:215,0
DA:216,0
DA:218,0
DA:219,0
DA:220,0
DA:228,0
DA:231,0
DA:234,0
DA:235,0
DA:237,0
DA:238,0
DA:240,0
DA:243,0
DA:245,0
DA:251,0
DA:253,0
DA:257,0
DA:259,0
DA:263,0
DA:265,0
DA:270,0
DA:271,0
DA:273,0
DA:292,0
DA:294,0
DA:296,0
DA:299,0
DA:300,0
DA:301,0
DA:304,0
DA:305,0
DA:306,0
DA:307,0
DA:316,0
DA:319,0
DA:320,0
DA:321,0
DA:322,0
DA:328,0
DA:332,0
DA:335,0
DA:336,0
DA:339,0
DA:344,0
DA:348,0
DA:350,0
DA:351,0
DA:354,0
DA:355,0
DA:357,0
DA:358,0
DA:359,0
DA:364,0
DA:365,0
DA:366,0
DA:397,0
DA:399,0
DA:400,0
DA:403,0
DA:404,0
DA:439,0
DA:442,0
DA:450,0
DA:453,0
DA:455,0
DA:475,0
DA:476,0
DA:477,0
DA:478,0
DA:479,0
DA:481,0
DA:482,0
DA:485,0
DA:492,0
DA:493,0
DA:495,0
DA:496,0
DA:501,0
DA:504,0
DA:505,0
DA:506,0
DA:507,0
DA:508,0
DA:509,0
DA:515,0
DA:518,0
DA:519,0
DA:520,0
DA:521,0
DA:522,0
DA:523,0
DA:531,0
DA:535,0
DA:536,0
DA:537,0
DA:540,0
DA:541,0
DA:542,0
DA:543,0
DA:544,0
DA:572,0
DA:575,0
DA:576,0
DA:585,0
DA:586,0
DA:591,0
DA:592,0
DA:594,0
DA:610,0
DA:613,0
DA:616,0
DA:617,0
DA:619,0
DA:621,0
DA:668,0
DA:670,0
DA:673,0
DA:685,0
DA:686,0
DA:687,0
DA:689,0
DA:714,0
DA:716,0
DA:717,0
DA:718,0
DA:721,0
DA:723,0
DA:741,0
DA:743,0
DA:746,0
DA:747,0
DA:748,0
DA:749,0
DA:750,0
DA:752,0
DA:753,0
DA:770,1
DA:774,0
DA:776,0
DA:778,0
DA:779,0
DA:780,0
DA:781,0
DA:784,0
DA:785,0
DA:793,0
DA:796,0
DA:797,0
DA:798,0
DA:799,0
DA:801,0
DA:802,0
DA:821,1
DA:826,0
DA:828,0
DA:830,0
DA:831,0
DA:832,0
DA:834,0
DA:837,0
DA:838,0
DA:839,0
DA:846,0
DA:849,0
DA:850,0
DA:851,0
DA:852,0
DA:853,0
DA:854,0
DA:871,1
DA:874,0
DA:876,0
DA:878,0
DA:879,0
DA:880,0
DA:882,0
DA:883,0
DA:884,0
DA:885,0
DA:892,0
DA:893,0
DA:896,0
DA:898,0
DA:899,0
DA:908,0
DA:910,0
DA:912,0
DA:913,0
DA:919,1
DA:921,0
DA:923,0
DA:925,0
DA:928,0
DA:930,0
DA:931,0
DA:932,0
DA:937,0
DA:954,1
DA:956,0
DA:957,0
DA:962,0
DA:964,0
DA:967,0
DA:969,0
DA:970,0
DA:1011,0
DA:1012,0
DA:1013,0
DA:1016,0
DA:1018,0
DA:1022,0
DA:1023,0
DA:1024,0
DA:1025,0
DA:1026,0
DA:1046,2
DA:1048,0
DA:1049,0
DA:1067,0
DA:1069,0
DA:1071,0
DA:1078,0
DA:1079,0
DA:1080,0
LF:293
LH:7
end_of_record
SF:lib\screens\Home\Screens\Account\ManageProduct\manage_product_screen.dart
DA:9,1
DA:11,0
DA:13,0
DA:15,0
DA:16,0
DA:17,0
DA:18,0
DA:19,0
DA:23,0
DA:26,0
DA:27,0
DA:30,0
DA:31,0
DA:32,0
DA:34,0
DA:41,0
DA:43,0
DA:44,0
DA:50,0
DA:52,0
DA:53,0
DA:62,0
DA:63,0
DA:65,0
DA:67,0
DA:68,0
DA:69,0
DA:76,0
DA:77,0
DA:78,0
DA:94,0
DA:96,0
DA:99,0
DA:108,0
DA:110,0
DA:111,0
DA:122,0
DA:123,0
DA:124,0
DA:127,0
DA:136,0
DA:137,0
DA:138,0
DA:140,0
DA:141,0
DA:149,0
DA:152,0
DA:181,0
DA:182,0
DA:183,0
DA:186,0
DA:195,0
DA:198,0
DA:199,0
DA:206,0
DA:207,0
DA:214,0
DA:217,0
DA:218,0
DA:237,0
DA:241,0
DA:242,0
DA:249,0
DA:252,0
DA:259,0
DA:262,0
DA:263,0
DA:282,0
DA:285,0
DA:286,0
DA:287,0
DA:297,0
DA:298,0
DA:299,0
DA:314,0
DA:317,0
DA:318,0
DA:323,0
DA:332,0
DA:335,0
DA:336,0
DA:341,0
DA:357,0
DA:361,0
DA:362,0
DA:369,0
DA:372,0
DA:379,0
DA:382,0
DA:383,0
DA:402,0
DA:405,0
DA:406,0
DA:407,0
DA:417,0
DA:418,0
DA:419,0
DA:434,0
DA:437,0
DA:438,0
DA:443,0
DA:459,0
DA:460,0
DA:461,0
DA:462,0
DA:463,0
DA:467,0
DA:468,0
DA:470,0
DA:471,0
DA:473,0
DA:474,0
LF:112
LH:1
end_of_record
SF:lib\screens\Home\Screens\Account\EditBusiness\_address_auto_complete.dart
DA:11,0
DA:17,0
DA:18,0
DA:27,0
DA:29,0
DA:30,0
DA:33,0
DA:35,0
DA:37,0
DA:40,0
DA:46,0
DA:48,0
DA:49,0
DA:61,0
DA:64,0
DA:66,0
DA:67,0
DA:68,0
DA:69,0
DA:70,0
DA:79,0
DA:80,0
DA:82,0
DA:85,0
DA:87,0
DA:88,0
DA:92,0
DA:94,0
DA:96,0
DA:97,0
DA:98,0
DA:99,0
DA:100,0
DA:105,0
DA:106,0
DA:107,0
LF:36
LH:0
end_of_record
SF:lib\screens\Home\Screens\Account\EditBusiness\_get_current_location.dart
DA:8,0
DA:10,0
DA:11,0
DA:19,0
DA:21,0
DA:24,0
DA:25,0
DA:26,0
DA:27,0
DA:28,0
DA:30,0
DA:31,0
DA:32,0
DA:33,0
DA:35,0
DA:36,0
DA:40,0
DA:42,0
DA:43,0
DA:52,0
DA:55,0
DA:56,0
DA:57,0
DA:58,0
DA:59,0
DA:63,0
DA:65,0
DA:66,0
DA:68,0
DA:69,0
DA:71,0
DA:74,0
DA:75,0
DA:76,0
DA:81,0
DA:82,0
DA:84,0
LF:37
LH:0
end_of_record
SF:lib\screens\Home\Screens\Account\EditBusiness\_logo_pick_section.dart
DA:15,0
DA:19,0
DA:20,0
DA:26,0
DA:28,0
DA:29,0
DA:32,0
DA:34,0
DA:37,0
DA:39,0
DA:41,0
DA:44,0
DA:45,0
DA:46,0
DA:47,0
DA:48,0
DA:49,0
DA:51,0
DA:52,0
DA:53,0
DA:54,0
DA:56,0
DA:57,0
DA:65,0
DA:68,0
DA:73,0
DA:74,0
DA:75,0
DA:78,0
DA:81,0
DA:82,0
DA:83,0
DA:86,0
DA:88,0
DA:89,0
DA:90,0
DA:91,0
DA:94,0
DA:95,0
DA:96,0
DA:99,0
DA:105,0
DA:106,0
DA:107,0
DA:108,0
DA:109,0
LF:46
LH:0
end_of_record
SF:lib\screens\Home\Screens\Account\EditBusiness\_text_field.dart
DA:9,1
DA:15,0
DA:16,0
DA:22,0
DA:24,0
DA:25,0
DA:28,0
DA:30,0
DA:32,0
DA:33,0
DA:44,0
LF:11
LH:1
end_of_record
SF:lib\screens\Home\Screens\Account\EditBusiness\_map_edit_business.dart
DA:10,0
DA:12,0
DA:14,0
DA:15,0
DA:23,0
DA:25,0
DA:27,0
DA:28,0
DA:29,0
DA:30,0
DA:35,0
DA:36,0
DA:41,0
DA:43,0
DA:45,0
DA:51,0
DA:52,0
DA:53,0
DA:54,0
LF:19
LH:0
end_of_record
SF:lib\screens\Home\Screens\Account\EditBusiness\_store_gallary_section.dart
DA:14,1
DA:18,0
DA:20,0
DA:24,0
DA:27,0
DA:33,0
DA:34,0
DA:35,0
DA:36,0
DA:37,0
DA:39,0
DA:40,0
DA:42,0
DA:43,0
DA:50,0
DA:52,0
DA:53,0
DA:55,0
DA:56,0
DA:57,0
DA:58,0
DA:60,0
DA:61,0
DA:64,0
DA:70,0
DA:71,0
DA:73,0
DA:74,0
DA:75,0
DA:77,0
DA:78,0
DA:79,0
DA:81,0
LF:33
LH:1
end_of_record
SF:lib\screens\ProductDetail\fade_route.dart
DA:6,0
DA:7,0
DA:8,0
DA:14,0
DA:20,0
LF:5
LH:0
end_of_record
SF:lib\screens\ProductDetail\image_preview_screen.dart
DA:19,0
DA:22,0
DA:23,0
DA:34,0
DA:36,0
DA:37,0
DA:38,0
DA:39,0
DA:40,0
DA:45,0
DA:46,0
DA:47,0
DA:48,0
DA:49,0
DA:50,0
DA:51,0
DA:52,0
DA:57,0
DA:59,0
DA:60,0
DA:63,0
DA:66,0
DA:68,0
DA:69,0
DA:70,0
DA:72,0
DA:73,0
DA:74,0
DA:75,0
DA:77,0
DA:78,0
DA:79,0
DA:82,0
DA:83,0
DA:84,0
DA:86,0
DA:88,0
DA:90,0
DA:91,0
DA:92,0
DA:93,0
DA:94,0
DA:95,0
DA:96,0
DA:97,0
DA:100,0
DA:102,0
DA:103,0
DA:114,0
DA:117,0
DA:119,0
DA:121,0
DA:124,0
DA:125,0
DA:126,0
DA:127,0
DA:149,0
DA:150,0
DA:151,0
DA:153,0
DA:156,0
DA:157,0
DA:158,0
DA:159,0
DA:160,0
DA:164,0
DA:165,0
DA:167,0
DA:168,0
DA:267,0
DA:268,0
DA:269,0
DA:271,0
DA:273,0
DA:276,0
DA:279,0
LF:76
LH:0
end_of_record
SF:lib\screens\Home\Screens\Account\EditBusiness\_upload_banner_section.dart
DA:13,1
DA:15,0
DA:16,0
DA:22,0
DA:24,0
DA:25,0
DA:28,0
DA:30,0
DA:33,0
DA:35,0
DA:36,0
DA:37,0
DA:38,0
DA:39,0
DA:40,0
DA:41,0
DA:43,0
DA:45,0
DA:48,0
DA:49,0
DA:50,0
DA:54,0
DA:55,0
DA:57,0
DA:59,0
DA:60,0
DA:61,0
DA:62,0
DA:65,0
DA:66,0
DA:73,0
DA:76,0
DA:81,0
DA:82,0
DA:83,0
DA:95,0
DA:98,0
DA:99,0
DA:100,0
DA:101,0
LF:40
LH:1
end_of_record
SF:lib\shared_components\supportedOpeningClosingTimes\_supported_times.dart
DA:5,0
LF:1
LH:0
end_of_record
SF:lib\screens\Home\Screens\Account\profile.dart
DA:17,1
DA:19,0
DA:21,0
DA:22,0
DA:23,0
DA:26,0
DA:27,0
DA:30,0
DA:31,0
DA:34,0
DA:36,0
DA:37,0
DA:38,0
DA:39,0
DA:40,0
DA:42,0
DA:43,0
DA:44,0
DA:49,0
DA:52,0
DA:56,0
DA:57,0
DA:61,0
DA:62,0
DA:63,0
DA:64,0
DA:66,0
DA:70,0
DA:167,0
DA:168,0
DA:169,0
DA:170,0
DA:174,0
DA:175,0
DA:177,0
DA:179,0
DA:189,0
DA:191,0
DA:192,0
DA:193,0
DA:199,0
DA:200,0
DA:204,0
DA:205,0
DA:209,0
DA:210,0
DA:218,0
DA:219,0
DA:225,0
DA:226,0
DA:228,0
DA:229,0
DA:232,0
DA:234,0
DA:235,0
DA:241,0
DA:242,0
DA:244,0
DA:245,0
DA:251,0
DA:253,0
DA:254,0
DA:260,0
DA:261,0
DA:264,0
LF:65
LH:1
end_of_record
SF:lib\screens\debug\debug_algolia_results.dart
DA:9,0
DA:11,0
DA:12,0
DA:17,1
DA:19,0
DA:20,0
DA:30,0
DA:31,0
DA:32,0
DA:33,0
DA:34,0
DA:35,0
DA:37,0
DA:38,0
DA:39,0
DA:43,0
DA:45,0
DA:46,0
DA:49,0
DA:50,0
DA:52,0
DA:53,0
DA:54,0
DA:58,0
DA:59,0
DA:60,0
DA:61,0
DA:62,0
DA:69,0
DA:70,0
DA:72,0
DA:73,0
DA:74,0
DA:75,0
DA:79,0
DA:80,0
DA:82,0
DA:84,0
DA:90,0
DA:92,0
DA:93,0
DA:94,0
DA:95,0
DA:96,0
DA:98,0
DA:101,0
DA:104,0
DA:106,0
DA:107,0
LF:49
LH:1
end_of_record
SF:lib\screens\debug\get_location_screen.dart
DA:6,1
DA:8,0
DA:9,0
DA:17,0
DA:19,0
DA:22,0
DA:23,0
DA:24,0
DA:25,0
DA:26,0
DA:32,0
DA:35,0
DA:36,0
DA:37,0
DA:41,0
DA:43,0
DA:44,0
DA:45,0
DA:46,0
DA:48,0
DA:49,0
DA:51,0
DA:52,0
DA:53,0
DA:54,0
DA:56,0
DA:57,0
DA:61,0
DA:62,0
DA:63,0
DA:64,0
DA:67,0
LF:32
LH:1
end_of_record
SF:lib\screens\Home\Screens\Home\bloc\home_state.dart
DA:17,0
DA:25,0
DA:26,0
DA:31,0
DA:32,0
DA:36,0
LF:6
LH:0
end_of_record
SF:lib\screens\Home\Screens\Home\home.dart
DA:24,0
DA:29,0
DA:33,0
DA:36,0
DA:37,0
DA:38,0
DA:41,0
DA:43,0
DA:48,0
DA:49,0
DA:50,0
DA:51,0
DA:53,0
DA:54,0
DA:65,0
DA:68,0
DA:70,0
DA:71,0
DA:72,0
DA:74,0
DA:75,0
DA:77,0
DA:79,0
DA:80,0
DA:82,0
DA:126,0
DA:127,0
DA:128,0
DA:133,0
DA:134,0
DA:135,0
DA:137,0
DA:140,0
DA:147,0
DA:148,0
DA:150,0
DA:153,0
DA:154,0
DA:156,0
DA:159,0
DA:164,0
DA:165,0
DA:166,0
DA:173,0
DA:174,0
DA:183,0
DA:184,0
DA:191,0
DA:192,0
DA:210,0
DA:212,0
DA:213,0
DA:215,0
DA:229,0
DA:232,0
DA:235,0
DA:245,0
DA:249,0
DA:251,0
DA:252,0
DA:258,0
DA:260,0
DA:261,0
DA:264,0
DA:266,0
DA:268,0
DA:269,0
DA:270,0
DA:271,0
DA:284,0
DA:285,0
DA:287,0
DA:288,0
DA:289,0
DA:290,0
DA:291,0
DA:296,0
DA:298,0
DA:299,0
DA:300,0
DA:301,0
DA:304,0
DA:305,0
DA:307,0
DA:309,0
DA:320,1
DA:322,0
DA:324,0
DA:326,0
DA:328,0
DA:329,0
DA:330,0
DA:331,0
DA:332,0
DA:333,0
DA:334,0
DA:335,0
DA:336,0
DA:337,0
DA:338,0
DA:339,0
DA:343,0
DA:344,0
DA:345,0
DA:346,0
DA:347,0
DA:348,0
DA:349,0
DA:350,0
DA:356,0
DA:357,0
DA:365,0
DA:366,0
DA:380,4
DA:382,0
DA:383,0
DA:389,0
DA:391,0
DA:394,0
DA:395,0
DA:400,0
DA:402,0
DA:405,0
DA:407,0
DA:409,0
DA:410,0
DA:411,0
DA:419,2
DA:421,0
DA:423,0
DA:425,0
DA:429,0
DA:430,0
DA:433,0
DA:434,0
DA:435,0
DA:436,0
DA:439,0
DA:440,0
DA:441,0
DA:442,0
DA:443,0
DA:444,0
DA:449,0
DA:450,0
DA:451,0
DA:457,0
DA:459,0
DA:468,0
DA:469,0
DA:470,0
DA:473,0
DA:474,0
DA:476,0
DA:480,0
DA:482,0
DA:486,0
DA:488,0
DA:492,0
DA:493,0
DA:494,0
DA:496,0
DA:500,0
DA:502,0
DA:508,0
DA:510,0
DA:512,0
DA:513,0
DA:515,0
DA:519,0
DA:524,0
DA:526,0
DA:544,0
DA:546,0
DA:548,0
DA:549,0
DA:550,0
DA:552,0
DA:553,0
DA:554,0
DA:558,0
DA:562,0
DA:563,0
DA:564,0
DA:565,0
DA:568,0
DA:569,0
DA:570,0
DA:571,0
DA:574,0
DA:575,0
DA:576,0
DA:577,0
DA:580,0
DA:587,0
DA:588,0
DA:589,0
DA:592,0
DA:593,0
DA:594,0
DA:598,0
DA:599,0
DA:606,0
DA:607,0
DA:613,0
DA:614,0
DA:615,0
DA:621,0
DA:622,0
DA:629,0
DA:630,0
DA:637,0
DA:638,0
DA:639,0
DA:641,0
DA:645,0
DA:646,0
DA:647,0
DA:648,0
DA:661,0
DA:664,0
DA:665,0
DA:666,0
DA:667,0
DA:668,0
DA:673,0
DA:674,0
DA:681,0
DA:682,0
DA:683,0
DA:685,0
DA:687,0
DA:688,0
DA:689,0
DA:696,0
DA:697,0
DA:698,0
DA:699,0
DA:700,0
DA:701,0
DA:704,0
DA:707,0
DA:709,0
DA:735,0
DA:736,0
DA:738,0
DA:740,0
DA:741,0
DA:742,0
DA:744,0
DA:745,0
DA:748,0
DA:752,0
DA:753,0
DA:754,0
DA:755,0
DA:758,0
DA:759,0
DA:760,0
DA:761,0
DA:764,0
DA:765,0
DA:766,0
DA:767,0
DA:770,0
DA:777,0
DA:778,0
DA:779,0
DA:782,0
DA:783,0
DA:784,0
DA:788,0
DA:790,0
DA:791,0
DA:807,0
DA:808,0
DA:815,0
DA:816,0
DA:822,0
DA:823,0
DA:824,0
DA:830,0
DA:831,0
DA:838,0
DA:839,0
DA:846,0
DA:847,0
DA:848,0
DA:850,0
DA:854,0
DA:855,0
DA:856,0
DA:857,0
DA:870,0
DA:873,0
DA:874,0
DA:875,0
DA:876,0
DA:877,0
DA:882,0
DA:883,0
DA:890,0
DA:891,0
DA:892,0
DA:894,0
DA:896,0
DA:897,0
DA:898,0
DA:905,0
DA:906,0
DA:907,0
DA:908,0
DA:909,0
DA:910,0
DA:913,0
DA:916,0
DA:918,0
DA:953,1
DA:965,0
DA:966,0
DA:967,0
DA:968,0
DA:969,0
DA:970,0
DA:971,0
DA:972,0
DA:974,0
DA:975,0
DA:978,0
LF:329
LH:4
end_of_record
SF:lib\screens\Search\search_input.dart
DA:7,2
DA:9,0
DA:11,0
DA:12,0
DA:13,0
DA:14,0
DA:15,0
DA:16,0
DA:17,0
DA:19,0
DA:20,0
DA:22,0
DA:23,0
DA:25,0
DA:31,0
DA:33,0
DA:36,0
DA:38,0
DA:41,0
DA:63,0
DA:64,0
DA:65,0
DA:70,0
DA:71,0
DA:73,0
DA:75,0
DA:76,0
DA:88,0
DA:89,0
DA:97,0
DA:98,0
LF:31
LH:1
end_of_record
SF:lib\screens\Search\search_results.dart
DA:14,0
DA:16,0
DA:18,0
DA:19,0
DA:21,0
DA:22,0
DA:23,0
DA:24,0
DA:25,0
DA:26,0
DA:27,0
DA:28,0
DA:29,0
DA:30,0
DA:31,0
DA:32,0
DA:36,0
DA:37,0
DA:38,0
DA:39,0
DA:45,0
DA:46,0
DA:47,0
DA:48,0
DA:49,0
DA:51,0
DA:52,0
DA:53,0
DA:59,0
DA:60,0
DA:68,0
DA:69,0
DA:82,0
DA:84,0
DA:87,0
DA:89,0
DA:92,0
DA:93,0
DA:95,0
DA:97,0
DA:98,0
DA:99,0
DA:100,0
DA:102,0
DA:106,0
DA:107,0
DA:109,0
DA:110,0
DA:113,0
DA:114,0
DA:123,0
DA:124,0
DA:125,0
DA:134,0
DA:135,0
DA:136,0
DA:137,0
DA:141,0
DA:145,0
DA:147,0
DA:164,0
DA:167,0
DA:201,0
DA:203,0
DA:204,0
DA:205,0
DA:211,0
DA:224,0
DA:226,0
DA:227,0
DA:228,0
DA:229,0
DA:230,0
DA:231,0
DA:240,0
DA:243,0
DA:244,0
DA:245,0
DA:265,0
DA:268,0
DA:271,0
DA:281,1
DA:285,0
DA:287,0
DA:289,0
DA:292,0
DA:294,0
DA:295,0
DA:296,0
DA:298,0
DA:299,0
DA:300,0
DA:301,0
DA:302,0
LF:94
LH:1
end_of_record
SF:lib\screens\notifications\notifications.dart
DA:7,1
DA:9,0
DA:11,0
DA:13,0
DA:23,0
LF:5
LH:1
end_of_record
SF:lib\shared_components\fade_in_page_route.dart
DA:4,0
DA:6,0
DA:9,0
DA:14,0
DA:17,0
DA:19,0
DA:23,0
DA:26,0
LF:8
LH:0
end_of_record
SF:lib\screens\Home\Screens\Messages\message.dart
DA:39,1
DA:41,0
DA:43,0
DA:44,0
DA:58,0
DA:60,0
DA:61,0
DA:64,0
DA:66,0
DA:67,0
DA:68,0
DA:77,0
DA:78,0
DA:79,0
DA:80,0
DA:81,0
DA:82,0
DA:83,0
DA:98,2
DA:100,0
DA:102,0
DA:104,0
DA:106,0
LF:23
LH:2
end_of_record
SF:lib\screens\Home\Screens\Saved\saved.dart
DA:9,1
DA:11,0
DA:12,0
DA:16,0
DA:18,0
DA:19,0
DA:21,0
DA:23,0
DA:63,1
DA:65,0
DA:67,0
DA:69,0
DA:70,0
DA:71,0
DA:72,0
DA:73,0
DA:75,0
DA:76,0
DA:84,1
DA:86,0
DA:88,0
DA:90,0
DA:91,0
DA:92,0
DA:93,0
DA:94,0
DA:96,0
DA:97,0
DA:105,1
DA:107,0
DA:109,0
DA:111,0
DA:112,0
DA:113,0
DA:114,0
DA:115,0
DA:117,0
DA:126,1
DA:128,0
DA:130,0
DA:132,0
DA:135,0
DA:138,0
DA:139,0
DA:142,0
DA:147,0
DA:151,0
DA:153,0
DA:154,0
DA:157,0
DA:158,0
DA:207,0
DA:209,0
DA:210,0
DA:229,0
DA:232,0
DA:240,0
DA:243,0
DA:245,0
LF:59
LH:5
end_of_record
SF:lib\screens\Home\Screens\Wallet\add_funds.dart
DA:5,1
DA:7,0
DA:8,0
DA:16,0
DA:18,0
DA:20,0
DA:29,0
DA:30,0
DA:32,0
DA:33,0
DA:34,0
DA:35,0
DA:38,0
DA:40,0
DA:41,0
DA:42,0
DA:43,0
DA:45,0
DA:46,0
DA:47,0
DA:56,0
DA:57,0
DA:58,0
DA:59,0
DA:62,0
DA:64,0
DA:65,0
DA:66,0
DA:68,0
DA:70,0
DA:71,0
DA:72,0
DA:82,0
DA:83,0
DA:84,0
LF:35
LH:1
end_of_record
SF:lib\screens\Home\Screens\Wallet\my_qr_screen.dart
DA:9,1
DA:11,0
DA:13,0
DA:14,0
DA:29,0
DA:30,0
DA:32,0
DA:33,0
DA:36,0
DA:37,0
DA:39,0
DA:40,0
DA:41,0
DA:42,0
DA:44,0
DA:45,0
DA:46,0
DA:50,0
DA:51,0
DA:52,0
DA:53,0
DA:57,0
DA:60,0
DA:61,0
DA:62,0
DA:67,0
DA:68,0
DA:78,0
DA:80,0
DA:82,0
DA:83,0
DA:85,0
DA:87,0
LF:33
LH:1
end_of_record
SF:lib\screens\Home\Screens\Wallet\scan_qr_screen.dart
DA:7,1
DA:9,0
DA:10,0
DA:16,0
DA:18,0
DA:19,0
DA:28,0
DA:29,0
DA:133,0
DA:134,0
DA:135,0
DA:136,0
DA:137,0
DA:138,0
DA:139,0
DA:147,0
DA:148,0
DA:149,0
DA:150,0
DA:157,0
DA:159,0
DA:160,0
DA:161,0
DA:162,0
DA:165,0
DA:170,0
DA:172,0
DA:173,0
DA:176,0
DA:177,0
DA:178,0
DA:179,0
DA:180,0
DA:181,0
DA:182,0
DA:183,0
DA:186,0
LF:37
LH:1
end_of_record
SF:lib\screens\Home\Screens\Wallet\wallet.dart
DA:10,1
DA:12,0
DA:14,0
DA:15,0
DA:17,0
DA:21,0
DA:22,0
DA:23,0
DA:24,0
DA:26,0
DA:27,0
DA:31,0
DA:56,0
DA:57,0
DA:59,0
DA:60,0
DA:61,0
DA:62,0
DA:63,0
DA:64,0
DA:66,0
DA:67,0
DA:68,0
DA:81,0
DA:83,0
DA:84,0
DA:85,0
DA:86,0
DA:87,0
DA:88,0
DA:90,0
DA:91,0
DA:93,0
DA:94,0
DA:98,0
DA:116,0
DA:117,0
DA:123,0
DA:124,0
DA:126,0
DA:127,0
DA:131,0
DA:156,0
DA:157,0
DA:158,0
DA:193,0
DA:194,0
DA:195,0
DA:216,0
DA:217,0
DA:218,0
DA:264,1
DA:270,0
DA:272,0
DA:274,0
DA:277,0
DA:278,0
DA:281,0
DA:282,0
DA:285,0
DA:287,0
DA:288,0
DA:289,0
DA:290,0
DA:296,0
DA:298,0
DA:299,0
DA:302,0
DA:303,0
DA:306,0
DA:307,0
DA:308,0
DA:311,0
DA:312,0
DA:318,0
DA:319,0
LF:76
LH:2
end_of_record
SF:lib\screens\Search\bloc\search_state.dart
DA:16,0
DA:25,0
DA:26,0
DA:35,0
LF:4
LH:0
end_of_record
SF:lib\service\mobile_ads_service.dart
DA:4,0
DA:5,0
DA:6,0
LF:3
LH:0
end_of_record
